<?xml version="1.0" encoding="UTF-8"?>
<!-- Generated by org.testng.reporters.JUnitReportReporter -->
<testsuite hostname="LAPTOP-BU64C4EO" failures="0" tests="1" name="test_Cases.LoginTest_00001" time="18.279" errors="0" timestamp="2020-04-21T17:16:09 IST" skipped="0">
  <testcase classname="test_Cases.LoginTest_00001" name="loginTest" time="18.279"/>
  <system-out/>
</testsuite> <!-- test_Cases.LoginTest_00001 -->
