<?xml version="1.0" encoding="UTF-8"?>
<!-- Generated by org.testng.reporters.JUnitReportReporter -->
<testsuite hostname="LAPTOP-BU64C4EO" failures="0" tests="1" name="test_Cases.Log_in_Test_00001" time="6.656" errors="0" timestamp="2020-04-19T11:00:35 IST" skipped="0">
  <testcase classname="test_Cases.Log_in_Test_00001" name="loginTest" time="6.656"/>
  <system-out/>
</testsuite> <!-- test_Cases.Log_in_Test_00001 -->
