<?xml version="1.0" encoding="UTF-8"?>
<!-- Generated by org.testng.reporters.JUnitReportReporter -->
<testsuite hostname="LAPTOP-BU64C4EO" failures="0" tests="2" name="test_Cases.BaseClass" time="23.474" errors="0" timestamp="2020-04-19T10:33:40 IST" skipped="0">
  <testcase classname="test_Cases.BaseClass" name="setup" time="19.213"/>
  <system-out/>
  <testcase classname="test_Cases.BaseClass" name="tearDown" time="4.261"/>
  <system-out/>
</testsuite> <!-- test_Cases.BaseClass -->
