<?xml version="1.0" encoding="UTF-8"?>
<!-- Generated by org.testng.reporters.JUnitReportReporter -->
<testsuite hostname="LAPTOP-BU64C4EO" failures="0" tests="2" name="QaClickAcadmy.SampleMavenTest" time="22.749" errors="0" timestamp="2020-04-16T20:43:45 IST" skipped="0">
  <testcase classname="QaClickAcadmy.SampleMavenTest" name="setup" time="21.561"/>
  <system-out/>
  <testcase classname="QaClickAcadmy.SampleMavenTest" name="tearDown" time="1.188"/>
  <system-out/>
</testsuite> <!-- QaClickAcadmy.SampleMavenTest -->
